<?xml version="1.0" encoding="UTF-8"?>
<!-- Generated by org.testng.reporters.JUnitReportReporter -->
<testsuite skipped="0" hostname="DESKTOP-CP4PCFH" name="javaframework.TestNgBasics" tests="1" failures="0" timestamp="2022-04-01T14:45:02 IST" time="0.014" errors="0">
  <testcase name="googleTitletest" time="0.014" classname="javaframework.TestNgBasics"/>
  <system-out/>
</testsuite> <!-- javaframework.TestNgBasics -->
