<?xml version="1.0" encoding="UTF-8"?>
<!-- Generated by org.testng.reporters.JUnitReportReporter -->
<testsuite skipped="0" hostname="DESKTOP-CP4PCFH" name="javaframework.GoogleTest" tests="2" failures="0" timestamp="2022-03-30T13:54:49 IST" time="34.687" errors="0">
  <testcase name="googleTitleTest" time="13.211" classname="javaframework.GoogleTest"/>
  <system-out/>
  <testcase name="googleLogoTest" time="21.476" classname="javaframework.GoogleTest"/>
  <system-out/>
</testsuite> <!-- javaframework.GoogleTest -->
