<?xml version="1.0" encoding="UTF-8"?>
<!-- Generated by org.testng.reporters.JUnitReportReporter -->
<testsuite skipped="0" hostname="DESKTOP-CP4PCFH" name="javaautomation.DataValidation" tests="1" failures="0" timestamp="2022-04-06T00:55:15 IST" time="0.016" errors="0">
  <testcase name="compare" time="0.016" classname="javaautomation.DataValidation"/>
  <system-out/>
</testsuite> <!-- javaautomation.DataValidation -->
